C51 COMPILER V9.01   CLOCK                                                                 08/25/2023 18:17:47 PAGE 1   


C51 COMPILER V9.01, COMPILATION OF MODULE CLOCK
OBJECT MODULE PLACED IN clock.OBJ
COMPILER INVOKED BY: E:\keil\C51\BIN\C51.EXE clock.c BROWSE DEBUG OBJECTEXTEND

line level    source

   1          #include "reg52.h"                       
   2          #include "Delay.h"
   3          #include "LCD1602.h"
   4          extern int b[3];
   5          sbit k5=P1^0;
   6          sbit k6=P1^1;
   7          sbit k7=P1^2;
   8          sbit k8=P1^3;
   9          void timedel()
  10          {
  11   1      
  12   1           if(b[2]==0)
  13   1               {
  14   2                 b[1]--;
  15   2                 b[2]=60;
  16   2                 if(b[1]==0&&b[0]!=0)
  17   2                 {
  18   3                 b[0]--;
  19   3                 b[1]=60;
  20   3                 }
  21   2               }
  22   1               else 
  23   1               {
  24   2                 b[2]--;
  25   2               }
  26   1      
  27   1      }
  28          
  29          void timeset()
  30          {
  31   1          int j=0; 
  32   1              if(k5==0)
  33   1              {
  34   2              Delay(500);
  35   2              while(1)
  36   2              {
  37   3                      LCD_ShowNum(2,1,b[0],2);
  38   3                      LCD_ShowNum(2,4,b[1],2);
  39   3                      LCD_ShowNum(2,7,b[2],2);
  40   3                      if(k5==0){j++;Delay(500);}
  41   3                      if(j==3){j=0;}
  42   3      
  43   3                      if(j==0&&k6==0)
  44   3                      {
  45   4                        LCD_ShowString(1,9,"set hour");
  46   4                        b[0]++;
  47   4                        Delay(500);
  48   4                      }
  49   3                      else if(j==0&&k7==0)
  50   3                      {
  51   4                    LCD_ShowString(1,9,"set hour");
  52   4                        b[0]--;
  53   4                        Delay(500);
  54   4                      }
  55   3                  else if(j==1&&k6==0)
C51 COMPILER V9.01   CLOCK                                                                 08/25/2023 18:17:47 PAGE 2   

  56   3                      {
  57   4                        LCD_ShowString(1,9,"set mint");
  58   4                        b[1]++;
  59   4                        Delay(500);
  60   4                      }
  61   3                      else if(j==1&&k7==0)
  62   3                      {
  63   4                        LCD_ShowString(1,9,"set mint");
  64   4                        b[1]--;
  65   4                        Delay(500);
  66   4                      }
  67   3                      else if(j==2&&k6==0)
  68   3                      { 
  69   4                        LCD_ShowString(1,9,"set secd");
  70   4                        b[2]++;
  71   4                        Delay(500);
  72   4                      }
  73   3                      else if(j==2&&k7==0)
  74   3                      {
  75   4                        LCD_ShowString(1,9,"set secd");
  76   4                        b[2]--;
  77   4                        Delay(500);
  78   4                      }
  79   3                      if(k8==0){LCD_ShowString(1,9,"         ");break;}
  80   3              }
  81   2              }
  82   1      }


MODULE INFORMATION:   STATIC OVERLAYABLE
   CODE SIZE        =    373    ----
   CONSTANT SIZE    =     37    ----
   XDATA SIZE       =   ----    ----
   PDATA SIZE       =   ----    ----
   DATA SIZE        =   ----       2
   IDATA SIZE       =   ----    ----
   BIT SIZE         =   ----    ----
END OF MODULE INFORMATION.


C51 COMPILATION COMPLETE.  0 WARNING(S),  0 ERROR(S)
