C51 COMPILER V9.01   DS1302                                                                08/25/2023 11:11:21 PAGE 1   


C51 COMPILER V9.01, COMPILATION OF MODULE DS1302
OBJECT MODULE PLACED IN DS1302.OBJ
COMPILER INVOKED BY: E:\keil\C51\BIN\C51.EXE DS1302.c BROWSE DEBUG OBJECTEXTEND

line level    source

   1          #include <REGX52.H>
   2          
   3          //引脚定义
   4          sbit DS1302_SCLK=P3^6;
   5          sbit DS1302_IO=P3^4;
   6          sbit DS1302_CE=P3^5;
   7          
   8          //寄存器写入地址/指令定义
   9          #define DS1302_SECOND           0x80
  10          #define DS1302_MINUTE           0x82
  11          #define DS1302_HOUR                     0x84
  12          #define DS1302_DATE                     0x86
  13          #define DS1302_MONTH            0x88
  14          #define DS1302_DAY                      0x8A
  15          #define DS1302_YEAR                     0x8C
  16          #define DS1302_WP                       0x8E
  17          
  18          //时间数组，索引0~6分别为年、月、日、时、分、秒、星期
  19          unsigned char DS1302_Time[]={19,11,16,12,59,55,6};
  20          
  21          /**
  22            * @brief  DS1302初始化
  23            * @param  无
  24            * @retval 无
  25            */
  26          void DS1302_Init(void)
  27          {
  28   1              DS1302_CE=0;
  29   1              DS1302_SCLK=0;
  30   1      }
  31          
  32          
  33          void DS1302_WriteByte(unsigned char Command,Data)
  34          {
  35   1              unsigned char i;
  36   1              DS1302_CE=1;
  37   1              for(i=0;i<8;i++)
  38   1              {
  39   2                      DS1302_IO=Command&(0x01<<i);
  40   2                      DS1302_SCLK=1;
  41   2                      DS1302_SCLK=0;
  42   2              }
  43   1              for(i=0;i<8;i++)
  44   1              {
  45   2                      DS1302_IO=Data&(0x01<<i);
  46   2                      DS1302_SCLK=1;
  47   2                      DS1302_SCLK=0;
  48   2              }
  49   1              DS1302_CE=0;
  50   1      }
  51          
  52          /**
  53            * @brief  DS1302读一个字节
  54            * @param  Command 命令字/地址
  55            * @retval 读出的数据
C51 COMPILER V9.01   DS1302                                                                08/25/2023 11:11:21 PAGE 2   

  56            */
  57          unsigned char DS1302_ReadByte(unsigned char Command)
  58          {
  59   1              unsigned char i,Data=0x00;
  60   1              Command|=0x01;  //将指令转换为读指令
  61   1              DS1302_CE=1;
  62   1              for(i=0;i<8;i++)
  63   1              {
  64   2                      DS1302_IO=Command&(0x01<<i);
  65   2                      DS1302_SCLK=0;
  66   2                      DS1302_SCLK=1;
  67   2              }
  68   1              for(i=0;i<8;i++)
  69   1              {
  70   2                      DS1302_SCLK=1;
  71   2                      DS1302_SCLK=0;
  72   2                      if(DS1302_IO){Data|=(0x01<<i);}
  73   2              }
  74   1              DS1302_CE=0;
  75   1              DS1302_IO=0;    //读取后将IO设置为0，否则读出的数据会出错
  76   1              return Data;
  77   1      }
  78          
  79          /**
  80            * @brief  DS1302设置时间，调用之后，DS1302_Time数组的数字会被设置到DS1302中
  81            * @param  无
  82            * @retval 无
  83            */
  84          void DS1302_SetTime(void)
  85          {
  86   1              DS1302_WriteByte(DS1302_WP,0x00);
  87   1              DS1302_WriteByte(DS1302_YEAR,DS1302_Time[0]/10*16+DS1302_Time[0]%10);//十进制转BCD码后写入
  88   1              DS1302_WriteByte(DS1302_MONTH,DS1302_Time[1]/10*16+DS1302_Time[1]%10);
  89   1              DS1302_WriteByte(DS1302_DATE,DS1302_Time[2]/10*16+DS1302_Time[2]%10);
  90   1              DS1302_WriteByte(DS1302_HOUR,DS1302_Time[3]/10*16+DS1302_Time[3]%10);
  91   1              DS1302_WriteByte(DS1302_MINUTE,DS1302_Time[4]/10*16+DS1302_Time[4]%10);
  92   1              DS1302_WriteByte(DS1302_SECOND,DS1302_Time[5]/10*16+DS1302_Time[5]%10);
  93   1              DS1302_WriteByte(DS1302_DAY,DS1302_Time[6]/10*16+DS1302_Time[6]%10);
  94   1              DS1302_WriteByte(DS1302_WP,0x80);
  95   1      }
  96          
  97          /**
  98            * @brief  DS1302读取时间，调用之后，DS1302中的数据会被读取到DS1302_Time数组中
  99            * @param  无
 100            * @retval 无
 101            */
 102          void DS1302_ReadTime(void)
 103          {
 104   1              unsigned char Temp;
 105   1              Temp=DS1302_ReadByte(DS1302_YEAR);
 106   1              DS1302_Time[0]=Temp/16*10+Temp%16;//BCD码转十进制后读取
 107   1              Temp=DS1302_ReadByte(DS1302_MONTH);
 108   1              DS1302_Time[1]=Temp/16*10+Temp%16;
 109   1              Temp=DS1302_ReadByte(DS1302_DATE);
 110   1              DS1302_Time[2]=Temp/16*10+Temp%16;
 111   1              Temp=DS1302_ReadByte(DS1302_HOUR);
 112   1              DS1302_Time[3]=Temp/16*10+Temp%16;
 113   1              Temp=DS1302_ReadByte(DS1302_MINUTE);
 114   1              DS1302_Time[4]=Temp/16*10+Temp%16;
 115   1              Temp=DS1302_ReadByte(DS1302_SECOND);
 116   1              DS1302_Time[5]=Temp/16*10+Temp%16;
 117   1              Temp=DS1302_ReadByte(DS1302_DAY);
C51 COMPILER V9.01   DS1302                                                                08/25/2023 11:11:21 PAGE 3   

 118   1              DS1302_Time[6]=Temp/16*10+Temp%16;
 119   1      }


MODULE INFORMATION:   STATIC OVERLAYABLE
   CODE SIZE        =    551    ----
   CONSTANT SIZE    =   ----    ----
   XDATA SIZE       =   ----    ----
   PDATA SIZE       =   ----    ----
   DATA SIZE        =      7       2
   IDATA SIZE       =   ----    ----
   BIT SIZE         =   ----    ----
END OF MODULE INFORMATION.


C51 COMPILATION COMPLETE.  0 WARNING(S),  0 ERROR(S)
