C51 COMPILER V9.01   MAIN                                                                  08/25/2023 17:52:24 PAGE 1   


C51 COMPILER V9.01, COMPILATION OF MODULE MAIN
OBJECT MODULE PLACED IN main.OBJ
COMPILER INVOKED BY: E:\keil\C51\BIN\C51.EXE main.c BROWSE DEBUG OBJECTEXTEND

line level    source

   1          #include <REGX52.H>
   2          #include "LCD1602.h"
   3          #include "DS1302.h"
   4          #include "DS18B20.h"
   5          #include "Delay.h"
   6          #include "clock.h"
   7          
   8          sbit beep=P1^5;
   9          float T;
  10          int i;
  11          int b[3] = {0,0,10};
  12          void main()
  13          {        
  14   1           LCD_Init();
  15   1           LCD_ShowString(1,1,"1.time  2.clock");
  16   1               LCD_ShowString(2,1,"3.temperature");
  17   1               while(1)
  18   1               {
  19   2           if(P3_0==0)
  20   2               {
  21   3               LCD_ShowString(1,1,"                ");
  22   3               LCD_ShowString(2,1,"                ");
  23   3               LCD_ShowString(1,1,"time:");
  24   3               LCD_ShowString(2,1,"  :  :  ");
  25   3               DS1302_SetTime();
  26   3      
  27   3           while(1)
  28   3               {      
  29   4                  if(P3_3==0){break;}
  30   4                  else
  31   4                      {
  32   5                  DS1302_ReadTime();
  33   5                  LCD_ShowNum(2,1,DS1302_Time[3],2);
  34   5                      LCD_ShowNum(2,4,DS1302_Time[4],2);
  35   5                      LCD_ShowNum(2,7,DS1302_Time[5],2);
  36   5              }
  37   4           }
  38   3               }                
  39   2               
  40   2               if(P3_1==0)
  41   2               {
  42   3                  LCD_ShowString(1,1,"                ");
  43   3                  LCD_ShowString(2,1,"                ");
  44   3                      LCD_ShowString(1,1,"clock:");
  45   3                      LCD_ShowString(2,1,"  :  :  ");
  46   3                      LCD_ShowNum(2,1,b[0],2);
  47   3                      LCD_ShowNum(2,4,b[1],2);
  48   3                      LCD_ShowNum(2,7,b[2],2);
  49   3                      
  50   3                      while(!(b[0]==0&&b[1]==0&&b[2]==0))
  51   3                      {
  52   4                      LCD_ShowNum(2,1,b[0],2);
  53   4                      LCD_ShowNum(2,4,b[1],2);
  54   4                      LCD_ShowNum(2,7,b[2],2);
  55   4                      timeset();
C51 COMPILER V9.01   MAIN                                                                  08/25/2023 17:52:24 PAGE 2   

  56   4                      timedel();  
  57   4                      if(P3_3==0){break;}
  58   4                      Delay(1000);
  59   4                  }
  60   3      
  61   3                      if(b[0]==0&&b[1]==0&&b[2]==0)
  62   3                      {
  63   4                      while(1)
  64   4                  {
  65   5                              if(P3_3==0){break;}     
  66   5                               
  67   5                                 
  68   5                              else
  69   5                              {
  70   6                              for(i = 100;i > 0;i--)
  71   6                                  {
  72   7                                      beep = ~beep;
  73   7                                      beep=1;                           
  74   7                                      }
  75   6                          }
  76   5                  }
  77   4                      }       
  78   3               }
  79   2      
  80   2               if(P3_2==0)
  81   2               {
  82   3                 
  83   3                      DS18B20_ConvertT();     
  84   3                 
  85   3                      
  86   3                      LCD_ShowString(1,1,"                ");
  87   3                  LCD_ShowString(2,1,"                ");     
  88   3                  LCD_ShowString(1,1,"Temperature:");
  89   3                  while(1)
  90   3                  {
  91   4                      DS18B20_ConvertT();     
  92   4                      T=DS18B20_ReadT();      
  93   4                      if(T<0)                         
  94   4                      {
  95   5                              LCD_ShowChar(2,1,'-');  
  96   5                              T=-T;           
  97   5                      }
  98   4                      else                            
  99   4                      {
 100   5                      LCD_ShowChar(2,1,'+');  
 101   5                      }
 102   4                      LCD_ShowNum(2,2,T,3);   
 103   4                      LCD_ShowChar(2,5,'.');          
 104   4                      LCD_ShowNum(2,6,(unsigned long)(T*10000)%10000,4);
 105   4                      if(P3_3==0){break;}
 106   4              }
 107   3               }
 108   2      
 109   2               if(P3_3==0)
 110   2               {
 111   3               LCD_ShowString(1,1,"1.time  2.clock");
 112   3               LCD_ShowString(2,1,"3.temperature");
 113   3               }
 114   2               }
 115   1      }


C51 COMPILER V9.01   MAIN                                                                  08/25/2023 17:52:24 PAGE 3   

MODULE INFORMATION:   STATIC OVERLAYABLE
   CODE SIZE        =    612    ----
   CONSTANT SIZE    =     82    ----
   XDATA SIZE       =   ----    ----
   PDATA SIZE       =   ----    ----
   DATA SIZE        =     12    ----
   IDATA SIZE       =   ----    ----
   BIT SIZE         =   ----    ----
END OF MODULE INFORMATION.


C51 COMPILATION COMPLETE.  0 WARNING(S),  0 ERROR(S)
